TN:
SF:src/modules/appointments/services/CreateAppointmentService.ts
FN:77,__decorate
FN:77,__metadata
FN:77,__param
FN:77,__awaiter
FN:77,adopt
FN:77,fulfilled
FN:77,rejected
FN:77,step
FN:77,__generator
FN:77,sent
FN:77,g.<computed>
FN:77,verb
FN:77,step
FN:77,__importDefault
FN:19,CreateAppointmentService
FN:30,CreateAppointmentService.execute
FNF:16
FNH:14
FNDA:1,__decorate
FNDA:1,__metadata
FNDA:3,__param
FNDA:7,__awaiter
FNDA:8,adopt
FNDA:8,fulfilled
FNDA:0,rejected
FNDA:10,step
FNDA:7,__generator
FNDA:8,sent
FNDA:0,g.<computed>
FNDA:21,verb
FNDA:15,step
FNDA:1,__importDefault
FNDA:5,CreateAppointmentService
FNDA:7,CreateAppointmentService.execute
DA:1,1
DA:2,1
DA:3,1
DA:4,1
DA:5,1
DA:6,1
DA:7,1
DA:8,1
DA:9,1
DA:10,1
DA:11,1
DA:12,1
DA:13,1
DA:14,1
DA:15,1
DA:16,1
DA:17,1
DA:18,1
DA:19,1
DA:20,5
DA:21,5
DA:22,5
DA:23,5
DA:24,5
DA:25,5
DA:26,5
DA:27,5
DA:28,5
DA:29,1
DA:30,1
DA:31,7
DA:32,7
DA:33,7
DA:34,7
DA:35,7
DA:36,7
DA:37,7
DA:38,7
DA:39,6
DA:40,6
DA:41,7
DA:42,4
DA:43,7
DA:44,7
DA:45,2
DA:46,2
DA:47,2
DA:48,2
DA:49,7
DA:50,7
DA:51,7
DA:52,7
DA:53,7
DA:54,7
DA:55,7
DA:56,7
DA:57,7
DA:58,7
DA:59,7
DA:60,7
DA:61,7
DA:62,7
DA:63,7
DA:64,7
DA:65,7
DA:66,7
DA:67,7
DA:68,7
DA:69,7
DA:70,7
DA:71,7
DA:72,7
DA:73,7
DA:74,7
DA:75,1
DA:76,1
DA:77,1
LF:77
LH:77
BRDA:77,0,0,1
BRDA:77,1,0,1
BRDA:77,2,0,0
BRDA:77,3,0,0
BRDA:77,4,0,0
BRDA:77,5,0,0
BRDA:77,6,0,1
BRDA:77,7,0,3
BRDA:77,8,0,3
BRDA:77,9,0,7
BRDA:77,10,0,8
BRDA:77,11,0,0
BRDA:77,12,0,7
BRDA:77,13,0,8
BRDA:77,14,0,0
BRDA:77,15,0,10
BRDA:77,16,0,2
BRDA:77,17,0,8
BRDA:77,18,0,7
BRDA:77,19,0,8
BRDA:77,20,0,0
BRDA:77,21,0,21
BRDA:77,22,0,15
BRDA:77,23,0,15
BRDA:77,24,0,0
BRDA:77,25,0,30
BRDA:77,26,0,0
BRDA:77,27,0,0
BRDA:77,28,0,0
BRDA:77,29,0,0
BRDA:77,30,0,15
BRDA:77,31,0,15
BRDA:77,32,0,8
BRDA:77,33,0,0
BRDA:77,34,0,0
BRDA:77,35,0,7
BRDA:77,36,0,0
BRDA:77,37,0,2
BRDA:77,38,0,0
BRDA:77,39,0,0
BRDA:77,40,0,0
BRDA:77,41,0,0
BRDA:77,42,0,15
BRDA:77,43,0,10
BRDA:77,44,0,5
BRDA:77,45,0,15
BRDA:77,46,0,7
BRDA:77,47,0,5
BRDA:77,48,0,2
BRDA:77,49,0,0
BRDA:77,50,0,1
BRDA:77,51,0,0
BRDA:18,52,0,1
BRDA:19,53,0,5
BRDA:30,54,0,7
BRDA:77,55,0,7
BRDA:77,56,0,15
BRDA:77,57,0,7
BRDA:38,58,0,1
BRDA:38,59,0,6
BRDA:41,60,0,2
BRDA:41,61,0,4
BRDA:43,62,0,3
BRDA:44,63,0,2
BRDA:77,64,0,2
BRDA:51,65,0,0
BRDA:77,66,0,2
BRDA:77,67,0,2
BRDA:77,68,0,2
BRF:69
BRH:47
end_of_record
TN:
SF:src/modules/appointments/services/LisProvidertMonthAvailabilityService.ts
FN:61,__decorate
FN:61,__metadata
FN:61,__param
FN:61,__awaiter
FN:61,adopt
FN:61,fulfilled
FN:61,rejected
FN:61,step
FN:61,__generator
FN:61,sent
FN:61,g.<computed>
FN:61,verb
FN:61,step
FN:21,LisProvidertMonthAvailabilityService
FN:26,LisProvidertMonthAvailabilityService.execute
FNF:15
FNH:13
FNDA:1,__decorate
FNDA:1,__metadata
FNDA:1,__param
FNDA:1,__awaiter
FNDA:1,adopt
FNDA:1,fulfilled
FNDA:0,rejected
FNDA:2,step
FNDA:1,__generator
FNDA:1,sent
FNDA:0,g.<computed>
FNDA:3,verb
FNDA:2,step
FNDA:1,LisProvidertMonthAvailabilityService
FNDA:1,LisProvidertMonthAvailabilityService.execute
DA:1,1
DA:2,1
DA:3,1
DA:4,1
DA:5,1
DA:6,1
DA:7,1
DA:8,1
DA:9,1
DA:10,1
DA:11,1
DA:12,1
DA:13,1
DA:14,1
DA:15,1
DA:16,1
DA:17,1
DA:18,1
DA:19,1
DA:20,1
DA:21,1
DA:22,1
DA:23,1
DA:24,1
DA:25,1
DA:26,1
DA:27,1
DA:28,1
DA:29,1
DA:30,1
DA:31,1
DA:32,1
DA:33,1
DA:34,1
DA:35,1
DA:36,1
DA:37,1
DA:38,1
DA:39,1
DA:40,1
DA:41,1
DA:42,1
DA:43,1
DA:44,1
DA:45,1
DA:46,1
DA:47,31
DA:48,372
DA:49,31
DA:50,31
DA:51,31
DA:52,31
DA:53,31
DA:54,31
DA:55,1
DA:56,1
DA:57,1
DA:58,1
DA:59,1
DA:60,1
DA:61,1
LF:61
LH:61
BRDA:61,0,0,1
BRDA:61,1,0,1
BRDA:61,2,0,0
BRDA:61,3,0,0
BRDA:61,4,0,0
BRDA:61,5,0,0
BRDA:61,6,0,1
BRDA:61,7,0,1
BRDA:61,8,0,1
BRDA:61,9,0,1
BRDA:61,10,0,1
BRDA:61,11,0,0
BRDA:61,12,0,1
BRDA:61,13,0,1
BRDA:61,14,0,0
BRDA:61,15,0,2
BRDA:61,16,0,1
BRDA:61,17,0,1
BRDA:61,18,0,1
BRDA:61,19,0,1
BRDA:61,20,0,0
BRDA:61,21,0,3
BRDA:61,22,0,2
BRDA:61,23,0,2
BRDA:61,24,0,0
BRDA:61,25,0,4
BRDA:61,26,0,0
BRDA:61,27,0,0
BRDA:61,28,0,0
BRDA:61,29,0,0
BRDA:61,30,0,2
BRDA:61,31,0,2
BRDA:61,32,0,1
BRDA:61,33,0,0
BRDA:61,34,0,0
BRDA:61,35,0,1
BRDA:61,36,0,0
BRDA:61,37,0,0
BRDA:61,38,0,0
BRDA:61,39,0,0
BRDA:61,40,0,0
BRDA:61,41,0,2
BRDA:61,42,0,0
BRDA:61,43,0,2
BRDA:61,44,0,1
BRDA:61,45,0,0
BRDA:61,46,0,1
BRDA:61,47,0,0
BRDA:20,48,0,1
BRDA:21,49,0,1
BRDA:26,50,0,1
BRDA:61,51,0,1
BRDA:61,52,0,2
BRDA:31,53,0,1
BRDA:61,54,0,1
BRDA:43,55,0,31
BRDA:46,56,0,31
BRDA:47,57,0,372
BRF:58
BRH:36
end_of_record
TN:
SF:src/modules/appointments/services/ListProviderAppointmentService.ts
FN:52,__decorate
FN:52,__metadata
FN:52,__param
FN:52,__awaiter
FN:52,adopt
FN:52,fulfilled
FN:52,rejected
FN:52,step
FN:52,__generator
FN:52,sent
FN:52,g.<computed>
FN:52,verb
FN:52,step
FN:17,ListProviderAppointmentService
FN:25,ListProviderAppointmentService.execute
FNF:15
FNH:13
FNDA:1,__decorate
FNDA:1,__metadata
FNDA:2,__param
FNDA:1,__awaiter
FNDA:2,adopt
FNDA:2,fulfilled
FNDA:0,rejected
FNDA:3,step
FNDA:1,__generator
FNDA:2,sent
FNDA:0,g.<computed>
FNDA:3,verb
FNDA:3,step
FNDA:1,ListProviderAppointmentService
FNDA:1,ListProviderAppointmentService.execute
DA:1,1
DA:2,1
DA:3,1
DA:4,1
DA:5,1
DA:6,1
DA:7,1
DA:8,1
DA:9,1
DA:10,1
DA:11,1
DA:12,1
DA:13,1
DA:14,1
DA:15,1
DA:16,1
DA:17,1
DA:18,1
DA:19,1
DA:20,1
DA:21,1
DA:22,1
DA:23,1
DA:24,1
DA:25,1
DA:26,1
DA:27,1
DA:28,1
DA:29,1
DA:30,1
DA:31,1
DA:32,1
DA:33,1
DA:34,1
DA:35,1
DA:36,1
DA:37,1
DA:38,1
DA:39,1
DA:40,1
DA:41,1
DA:42,1
DA:43,1
DA:44,1
DA:45,1
DA:46,1
DA:47,1
DA:48,1
DA:49,1
DA:50,1
DA:51,1
DA:52,1
LF:52
LH:52
BRDA:52,0,0,1
BRDA:52,1,0,1
BRDA:52,2,0,0
BRDA:52,3,0,0
BRDA:52,4,0,0
BRDA:52,5,0,0
BRDA:52,6,0,1
BRDA:52,7,0,2
BRDA:52,8,0,2
BRDA:52,9,0,1
BRDA:52,10,0,2
BRDA:52,11,0,0
BRDA:52,12,0,1
BRDA:52,13,0,2
BRDA:52,14,0,0
BRDA:52,15,0,3
BRDA:52,16,0,1
BRDA:52,17,0,2
BRDA:52,18,0,1
BRDA:52,19,0,2
BRDA:52,20,0,0
BRDA:52,21,0,3
BRDA:52,22,0,3
BRDA:52,23,0,3
BRDA:52,24,0,0
BRDA:52,25,0,6
BRDA:52,26,0,0
BRDA:52,27,0,0
BRDA:52,28,0,0
BRDA:52,29,0,0
BRDA:52,30,0,3
BRDA:52,31,0,3
BRDA:52,32,0,2
BRDA:52,33,0,0
BRDA:52,34,0,0
BRDA:52,35,0,1
BRDA:52,36,0,0
BRDA:52,37,0,0
BRDA:52,38,0,0
BRDA:52,39,0,0
BRDA:52,40,0,0
BRDA:52,41,0,3
BRDA:52,42,0,0
BRDA:52,43,0,3
BRDA:52,44,0,1
BRDA:52,45,0,0
BRDA:52,46,0,1
BRDA:52,47,0,0
BRDA:16,48,0,1
BRDA:17,49,0,1
BRDA:25,50,0,1
BRDA:52,51,0,1
BRDA:52,52,0,3
BRDA:52,53,0,1
BRDA:52,54,0,1
BRDA:37,55,0,0
BRDA:52,56,0,1
BRDA:48,57,0,1
BRF:58
BRH:35
end_of_record
TN:
SF:src/modules/appointments/services/ListProviderDayAvailabilityService.ts
FN:66,__decorate
FN:66,__metadata
FN:66,__param
FN:66,__awaiter
FN:66,adopt
FN:66,fulfilled
FN:66,rejected
FN:66,step
FN:66,__generator
FN:66,sent
FN:66,g.<computed>
FN:66,verb
FN:66,step
FN:20,ListProviderDayAvailabilityService
FN:25,ListProviderDayAvailabilityService.execute
FNF:15
FNH:13
FNDA:1,__decorate
FNDA:1,__metadata
FNDA:1,__param
FNDA:1,__awaiter
FNDA:1,adopt
FNDA:1,fulfilled
FNDA:0,rejected
FNDA:2,step
FNDA:1,__generator
FNDA:1,sent
FNDA:0,g.<computed>
FNDA:3,verb
FNDA:2,step
FNDA:1,ListProviderDayAvailabilityService
FNDA:1,ListProviderDayAvailabilityService.execute
DA:1,1
DA:2,1
DA:3,1
DA:4,1
DA:5,1
DA:6,1
DA:7,1
DA:8,1
DA:9,1
DA:10,1
DA:11,1
DA:12,1
DA:13,1
DA:14,1
DA:15,1
DA:16,1
DA:17,1
DA:18,1
DA:19,1
DA:20,1
DA:21,1
DA:22,1
DA:23,1
DA:24,1
DA:25,1
DA:26,1
DA:27,1
DA:28,1
DA:29,1
DA:30,1
DA:31,1
DA:32,1
DA:33,1
DA:34,1
DA:35,1
DA:36,1
DA:37,1
DA:38,1
DA:39,1
DA:40,1
DA:41,1
DA:42,1
DA:43,1
DA:44,1
DA:45,1
DA:46,1
DA:47,1
DA:48,1
DA:49,1
DA:50,10
DA:51,10
DA:52,10
DA:53,10
DA:54,10
DA:55,10
DA:56,10
DA:57,10
DA:58,10
DA:59,10
DA:60,1
DA:61,1
DA:62,1
DA:63,1
DA:64,1
DA:65,1
DA:66,1
LF:66
LH:66
BRDA:66,0,0,1
BRDA:66,1,0,1
BRDA:66,2,0,0
BRDA:66,3,0,0
BRDA:66,4,0,0
BRDA:66,5,0,0
BRDA:66,6,0,1
BRDA:66,7,0,1
BRDA:66,8,0,1
BRDA:66,9,0,1
BRDA:66,10,0,1
BRDA:66,11,0,0
BRDA:66,12,0,1
BRDA:66,13,0,1
BRDA:66,14,0,0
BRDA:66,15,0,2
BRDA:66,16,0,1
BRDA:66,17,0,1
BRDA:66,18,0,1
BRDA:66,19,0,1
BRDA:66,20,0,0
BRDA:66,21,0,3
BRDA:66,22,0,2
BRDA:66,23,0,2
BRDA:66,24,0,0
BRDA:66,25,0,4
BRDA:66,26,0,0
BRDA:66,27,0,0
BRDA:66,28,0,0
BRDA:66,29,0,0
BRDA:66,30,0,2
BRDA:66,31,0,2
BRDA:66,32,0,1
BRDA:66,33,0,0
BRDA:66,34,0,0
BRDA:66,35,0,1
BRDA:66,36,0,0
BRDA:66,37,0,0
BRDA:66,38,0,0
BRDA:66,39,0,0
BRDA:66,40,0,0
BRDA:66,41,0,2
BRDA:66,42,0,0
BRDA:66,43,0,2
BRDA:66,44,0,1
BRDA:66,45,0,0
BRDA:66,46,0,1
BRDA:66,47,0,0
BRDA:19,48,0,1
BRDA:20,49,0,1
BRDA:25,50,0,1
BRDA:66,51,0,1
BRDA:66,52,0,2
BRDA:31,53,0,1
BRDA:66,54,0,1
BRDA:44,55,0,10
BRDA:49,56,0,10
BRDA:58,57,0,8
BRDA:51,58,0,19
BRF:59
BRH:37
end_of_record
TN:
SF:src/modules/appointments/services/ListProvidersService.ts
FN:39,__decorate
FN:39,__metadata
FN:39,__param
FN:39,__awaiter
FN:39,adopt
FN:39,fulfilled
FN:39,rejected
FN:39,step
FN:39,__generator
FN:39,sent
FN:39,g.<computed>
FN:39,verb
FN:39,step
FN:14,ListProvidersService
FN:22,ListProvidersService.execute
FNF:15
FNH:13
FNDA:1,__decorate
FNDA:1,__metadata
FNDA:2,__param
FNDA:1,__awaiter
FNDA:3,adopt
FNDA:3,fulfilled
FNDA:0,rejected
FNDA:4,step
FNDA:1,__generator
FNDA:3,sent
FNDA:0,g.<computed>
FNDA:3,verb
FNDA:4,step
FNDA:1,ListProvidersService
FNDA:1,ListProvidersService.execute
DA:1,1
DA:2,1
DA:3,1
DA:4,1
DA:5,1
DA:6,1
DA:7,1
DA:8,1
DA:9,1
DA:10,1
DA:11,1
DA:12,1
DA:13,1
DA:14,1
DA:15,1
DA:16,1
DA:17,1
DA:18,1
DA:19,1
DA:20,1
DA:21,1
DA:22,1
DA:23,1
DA:24,1
DA:25,1
DA:26,1
DA:27,1
DA:28,1
DA:29,1
DA:30,1
DA:31,1
DA:32,1
DA:33,1
DA:34,1
DA:35,1
DA:36,1
DA:37,1
DA:38,1
DA:39,1
LF:39
LH:39
BRDA:39,0,0,1
BRDA:39,1,0,1
BRDA:39,2,0,0
BRDA:39,3,0,0
BRDA:39,4,0,0
BRDA:39,5,0,0
BRDA:39,6,0,1
BRDA:39,7,0,2
BRDA:39,8,0,2
BRDA:39,9,0,1
BRDA:39,10,0,3
BRDA:39,11,0,0
BRDA:39,12,0,1
BRDA:39,13,0,3
BRDA:39,14,0,0
BRDA:39,15,0,4
BRDA:39,16,0,1
BRDA:39,17,0,3
BRDA:39,18,0,1
BRDA:39,19,0,3
BRDA:39,20,0,0
BRDA:39,21,0,3
BRDA:39,22,0,4
BRDA:39,23,0,4
BRDA:39,24,0,0
BRDA:39,25,0,8
BRDA:39,26,0,0
BRDA:39,27,0,0
BRDA:39,28,0,0
BRDA:39,29,0,0
BRDA:39,30,0,4
BRDA:39,31,0,4
BRDA:39,32,0,3
BRDA:39,33,0,0
BRDA:39,34,0,0
BRDA:39,35,0,1
BRDA:39,36,0,0
BRDA:39,37,0,0
BRDA:39,38,0,0
BRDA:39,39,0,0
BRDA:39,40,0,0
BRDA:39,41,0,4
BRDA:39,42,0,0
BRDA:39,43,0,4
BRDA:39,44,0,1
BRDA:39,45,0,0
BRDA:39,46,0,1
BRDA:39,47,0,0
BRDA:13,48,0,1
BRDA:14,49,0,1
BRDA:22,50,0,1
BRDA:39,51,0,1
BRDA:39,52,0,4
BRDA:23,53,0,1
BRDA:39,54,0,1
BRDA:27,55,0,0
BRDA:39,56,0,1
BRDA:39,57,0,1
BRDA:35,58,0,1
BRF:59
BRH:36
end_of_record
TN:
SF:src/modules/users/services/AuthenticateUserService.ts
FN:58,__decorate
FN:58,__metadata
FN:58,__param
FN:58,__awaiter
FN:58,adopt
FN:58,fulfilled
FN:58,rejected
FN:58,step
FN:58,__generator
FN:58,sent
FN:58,g.<computed>
FN:58,verb
FN:58,step
FN:58,__importDefault
FN:26,AuthenticateUserService
FN:33,AuthenticateUserService.execute
FNF:16
FNH:14
FNDA:1,__decorate
FNDA:1,__metadata
FNDA:2,__param
FNDA:3,__awaiter
FNDA:5,adopt
FNDA:5,fulfilled
FNDA:0,rejected
FNDA:6,step
FNDA:3,__generator
FNDA:5,sent
FNDA:0,g.<computed>
FNDA:9,verb
FNDA:8,step
FNDA:2,__importDefault
FNDA:3,AuthenticateUserService
FNDA:3,AuthenticateUserService.execute
DA:1,1
DA:2,1
DA:3,1
DA:4,1
DA:5,1
DA:6,1
DA:7,1
DA:8,1
DA:9,1
DA:10,1
DA:11,1
DA:12,1
DA:13,1
DA:14,1
DA:15,1
DA:16,1
DA:17,1
DA:18,1
DA:19,1
DA:20,1
DA:21,1
DA:22,1
DA:23,1
DA:24,1
DA:25,1
DA:26,1
DA:27,3
DA:28,3
DA:29,3
DA:30,3
DA:31,3
DA:32,1
DA:33,1
DA:34,3
DA:35,3
DA:36,3
DA:37,2
DA:38,2
DA:39,2
DA:40,2
DA:41,2
DA:42,3
DA:43,3
DA:44,3
DA:45,1
DA:46,1
DA:47,1
DA:48,1
DA:49,1
DA:50,1
DA:51,1
DA:52,1
DA:53,1
DA:54,1
DA:55,3
DA:56,1
DA:57,1
DA:58,1
LF:58
LH:58
BRDA:58,0,0,1
BRDA:58,1,0,1
BRDA:58,2,0,0
BRDA:58,3,0,0
BRDA:58,4,0,0
BRDA:58,5,0,0
BRDA:58,6,0,1
BRDA:58,7,0,2
BRDA:58,8,0,2
BRDA:58,9,0,3
BRDA:58,10,0,5
BRDA:58,11,0,0
BRDA:58,12,0,3
BRDA:58,13,0,5
BRDA:58,14,0,3
BRDA:58,15,0,2
BRDA:58,16,0,6
BRDA:58,17,0,1
BRDA:58,18,0,5
BRDA:58,19,0,3
BRDA:58,20,0,5
BRDA:58,21,0,0
BRDA:58,22,0,9
BRDA:58,23,0,8
BRDA:58,24,0,8
BRDA:58,25,0,0
BRDA:58,26,0,16
BRDA:58,27,0,0
BRDA:58,28,0,0
BRDA:58,29,0,0
BRDA:58,30,0,0
BRDA:58,31,0,8
BRDA:58,32,0,8
BRDA:58,33,0,5
BRDA:58,34,0,0
BRDA:58,35,0,0
BRDA:58,36,0,3
BRDA:58,37,0,0
BRDA:58,38,0,1
BRDA:58,39,0,0
BRDA:58,40,0,0
BRDA:58,41,0,0
BRDA:58,42,0,0
BRDA:58,43,0,8
BRDA:58,44,0,6
BRDA:58,45,0,2
BRDA:58,46,0,8
BRDA:58,47,0,3
BRDA:58,48,0,2
BRDA:58,49,0,1
BRDA:58,50,0,0
BRDA:58,51,0,2
BRDA:58,52,0,0
BRDA:25,53,0,1
BRDA:26,54,0,3
BRDA:33,55,0,3
BRDA:58,56,0,3
BRDA:58,57,0,8
BRDA:34,58,0,3
BRDA:58,59,0,3
BRDA:36,60,0,1
BRDA:36,61,0,2
BRDA:58,62,0,2
BRDA:44,63,0,1
BRF:64
BRH:44
end_of_record
TN:
SF:src/modules/users/services/CreateUserService.ts
FN:48,__decorate
FN:48,__metadata
FN:48,__param
FN:48,__awaiter
FN:48,adopt
FN:48,fulfilled
FN:48,rejected
FN:48,step
FN:48,__generator
FN:48,sent
FN:48,g.<computed>
FN:48,verb
FN:48,step
FN:48,__importDefault
FN:20,CreateUserService
FN:29,CreateUserService.execute
FNF:16
FNH:14
FNDA:1,__decorate
FNDA:1,__metadata
FNDA:3,__param
FNDA:3,__awaiter
FNDA:9,adopt
FNDA:9,fulfilled
FNDA:0,rejected
FNDA:11,step
FNDA:3,__generator
FNDA:9,sent
FNDA:0,g.<computed>
FNDA:9,verb
FNDA:12,step
FNDA:1,__importDefault
FNDA:2,CreateUserService
FNDA:3,CreateUserService.execute
DA:1,1
DA:2,1
DA:3,1
DA:4,1
DA:5,1
DA:6,1
DA:7,1
DA:8,1
DA:9,1
DA:10,1
DA:11,1
DA:12,1
DA:13,1
DA:14,1
DA:15,1
DA:16,1
DA:17,1
DA:18,1
DA:19,1
DA:20,1
DA:21,2
DA:22,2
DA:23,2
DA:24,2
DA:25,2
DA:26,2
DA:27,2
DA:28,1
DA:29,1
DA:30,3
DA:31,3
DA:32,3
DA:33,2
DA:34,2
DA:35,3
DA:36,3
DA:37,3
DA:38,3
DA:39,3
DA:40,3
DA:41,3
DA:42,3
DA:43,3
DA:44,3
DA:45,3
DA:46,1
DA:47,1
DA:48,1
LF:48
LH:48
BRDA:48,0,0,1
BRDA:48,1,0,1
BRDA:48,2,0,0
BRDA:48,3,0,0
BRDA:48,4,0,0
BRDA:48,5,0,0
BRDA:48,6,0,1
BRDA:48,7,0,3
BRDA:48,8,0,3
BRDA:48,9,0,3
BRDA:48,10,0,9
BRDA:48,11,0,0
BRDA:48,12,0,3
BRDA:48,13,0,9
BRDA:48,14,0,8
BRDA:48,15,0,1
BRDA:48,16,0,11
BRDA:48,17,0,2
BRDA:48,18,0,9
BRDA:48,19,0,3
BRDA:48,20,0,9
BRDA:48,21,0,0
BRDA:48,22,0,9
BRDA:48,23,0,12
BRDA:48,24,0,12
BRDA:48,25,0,0
BRDA:48,26,0,24
BRDA:48,27,0,0
BRDA:48,28,0,0
BRDA:48,29,0,0
BRDA:48,30,0,0
BRDA:48,31,0,12
BRDA:48,32,0,12
BRDA:48,33,0,9
BRDA:48,34,0,0
BRDA:48,35,0,0
BRDA:48,36,0,3
BRDA:48,37,0,0
BRDA:48,38,0,2
BRDA:48,39,0,0
BRDA:48,40,0,0
BRDA:48,41,0,0
BRDA:48,42,0,0
BRDA:48,43,0,12
BRDA:48,44,0,11
BRDA:48,45,0,1
BRDA:48,46,0,12
BRDA:48,47,0,3
BRDA:48,48,0,1
BRDA:48,49,0,2
BRDA:48,50,0,0
BRDA:48,51,0,1
BRDA:48,52,0,0
BRDA:19,53,0,1
BRDA:20,54,0,2
BRDA:29,55,0,3
BRDA:48,56,0,3
BRDA:48,57,0,12
BRDA:30,58,0,3
BRDA:48,59,0,3
BRDA:32,60,0,1
BRDA:32,61,0,2
BRDA:48,62,0,2
BRDA:48,63,0,2
BRDA:48,64,0,2
BRF:65
BRH:45
end_of_record
TN:
SF:src/modules/users/services/ResetPasswordService.ts
FN:49,__decorate
FN:49,__metadata
FN:49,__param
FN:49,__awaiter
FN:49,adopt
FN:49,fulfilled
FN:49,rejected
FN:49,step
FN:49,__generator
FN:49,sent
FN:49,g.<computed>
FN:49,verb
FN:49,step
FN:49,__importDefault
FN:19,ResetPasswordService
FN:30,ResetPasswordService.execute
FNF:16
FNH:14
FNDA:1,__decorate
FNDA:1,__metadata
FNDA:3,__param
FNDA:4,__awaiter
FNDA:9,adopt
FNDA:9,fulfilled
FNDA:0,rejected
FNDA:10,step
FNDA:4,__generator
FNDA:9,sent
FNDA:0,g.<computed>
FNDA:12,verb
FNDA:13,step
FNDA:1,__importDefault
FNDA:4,ResetPasswordService
FNDA:4,ResetPasswordService.execute
DA:1,1
DA:2,1
DA:3,1
DA:4,1
DA:5,1
DA:6,1
DA:7,1
DA:8,1
DA:9,1
DA:10,1
DA:11,1
DA:12,1
DA:13,1
DA:14,1
DA:15,1
DA:16,1
DA:17,1
DA:18,1
DA:19,1
DA:20,4
DA:21,4
DA:22,4
DA:23,4
DA:24,4
DA:25,4
DA:26,4
DA:27,4
DA:28,4
DA:29,1
DA:30,1
DA:31,4
DA:32,4
DA:33,4
DA:34,3
DA:35,3
DA:36,4
DA:37,4
DA:38,2
DA:39,2
DA:40,2
DA:41,4
DA:42,1
DA:43,1
DA:44,4
DA:45,4
DA:46,4
DA:47,1
DA:48,1
DA:49,1
LF:49
LH:49
BRDA:49,0,0,1
BRDA:49,1,0,1
BRDA:49,2,0,0
BRDA:49,3,0,0
BRDA:49,4,0,0
BRDA:49,5,0,0
BRDA:49,6,0,1
BRDA:49,7,0,3
BRDA:49,8,0,3
BRDA:49,9,0,4
BRDA:49,10,0,9
BRDA:49,11,0,0
BRDA:49,12,0,4
BRDA:49,13,0,9
BRDA:49,14,0,6
BRDA:49,15,0,3
BRDA:49,16,0,10
BRDA:49,17,0,1
BRDA:49,18,0,9
BRDA:49,19,0,4
BRDA:49,20,0,9
BRDA:49,21,0,0
BRDA:49,22,0,12
BRDA:49,23,0,13
BRDA:49,24,0,13
BRDA:49,25,0,0
BRDA:49,26,0,26
BRDA:49,27,0,0
BRDA:49,28,0,0
BRDA:49,29,0,0
BRDA:49,30,0,0
BRDA:49,31,0,13
BRDA:49,32,0,13
BRDA:49,33,0,9
BRDA:49,34,0,0
BRDA:49,35,0,0
BRDA:49,36,0,4
BRDA:49,37,0,0
BRDA:49,38,0,1
BRDA:49,39,0,0
BRDA:49,40,0,0
BRDA:49,41,0,0
BRDA:49,42,0,0
BRDA:49,43,0,13
BRDA:49,44,0,10
BRDA:49,45,0,3
BRDA:49,46,0,13
BRDA:49,47,0,4
BRDA:49,48,0,3
BRDA:49,49,0,1
BRDA:49,50,0,0
BRDA:49,51,0,1
BRDA:49,52,0,0
BRDA:18,53,0,1
BRDA:19,54,0,4
BRDA:30,55,0,4
BRDA:49,56,0,4
BRDA:49,57,0,13
BRDA:31,58,0,4
BRDA:49,59,0,4
BRDA:33,60,0,1
BRDA:33,61,0,3
BRDA:49,62,0,3
BRDA:37,63,0,1
BRDA:37,64,0,2
BRDA:41,65,0,1
BRDA:49,66,0,1
BRDA:49,67,0,1
BRF:68
BRH:48
end_of_record
TN:
SF:src/modules/users/services/SendForgotPasswordEmailService.ts
FN:60,__decorate
FN:60,__metadata
FN:60,__param
FN:60,__awaiter
FN:60,adopt
FN:60,fulfilled
FN:60,rejected
FN:60,step
FN:60,__generator
FN:60,sent
FN:60,g.<computed>
FN:60,verb
FN:60,step
FN:60,__importDefault
FN:18,SendForgotPasswordEmailService
FN:29,SendForgotPasswordEmailService.execute
FNF:16
FNH:14
FNDA:1,__decorate
FNDA:1,__metadata
FNDA:3,__param
FNDA:3,__awaiter
FNDA:7,adopt
FNDA:7,fulfilled
FNDA:0,rejected
FNDA:9,step
FNDA:3,__generator
FNDA:7,sent
FNDA:0,g.<computed>
FNDA:9,verb
FNDA:10,step
FNDA:2,__importDefault
FNDA:3,SendForgotPasswordEmailService
FNDA:3,SendForgotPasswordEmailService.execute
DA:1,1
DA:2,1
DA:3,1
DA:4,1
DA:5,1
DA:6,1
DA:7,1
DA:8,1
DA:9,1
DA:10,1
DA:11,1
DA:12,1
DA:13,1
DA:14,1
DA:15,1
DA:16,1
DA:17,1
DA:18,1
DA:19,3
DA:20,3
DA:21,3
DA:22,3
DA:23,3
DA:24,3
DA:25,3
DA:26,3
DA:27,3
DA:28,1
DA:29,1
DA:30,3
DA:31,3
DA:32,3
DA:33,2
DA:34,2
DA:35,3
DA:36,3
DA:37,3
DA:38,3
DA:39,3
DA:40,3
DA:41,3
DA:42,3
DA:43,3
DA:44,3
DA:45,3
DA:46,3
DA:47,3
DA:48,3
DA:49,3
DA:50,3
DA:51,3
DA:52,3
DA:53,3
DA:54,3
DA:55,3
DA:56,3
DA:57,3
DA:58,1
DA:59,1
DA:60,1
LF:60
LH:60
BRDA:60,0,0,1
BRDA:60,1,0,1
BRDA:60,2,0,0
BRDA:60,3,0,0
BRDA:60,4,0,0
BRDA:60,5,0,0
BRDA:60,6,0,1
BRDA:60,7,0,3
BRDA:60,8,0,3
BRDA:60,9,0,3
BRDA:60,10,0,7
BRDA:60,11,0,0
BRDA:60,12,0,3
BRDA:60,13,0,7
BRDA:60,14,0,6
BRDA:60,15,0,1
BRDA:60,16,0,9
BRDA:60,17,0,2
BRDA:60,18,0,7
BRDA:60,19,0,3
BRDA:60,20,0,7
BRDA:60,21,0,0
BRDA:60,22,0,9
BRDA:60,23,0,10
BRDA:60,24,0,10
BRDA:60,25,0,0
BRDA:60,26,0,20
BRDA:60,27,0,0
BRDA:60,28,0,0
BRDA:60,29,0,0
BRDA:60,30,0,0
BRDA:60,31,0,10
BRDA:60,32,0,10
BRDA:60,33,0,7
BRDA:60,34,0,0
BRDA:60,35,0,0
BRDA:60,36,0,3
BRDA:60,37,0,0
BRDA:60,38,0,2
BRDA:60,39,0,0
BRDA:60,40,0,0
BRDA:60,41,0,0
BRDA:60,42,0,0
BRDA:60,43,0,10
BRDA:60,44,0,9
BRDA:60,45,0,1
BRDA:60,46,0,10
BRDA:60,47,0,3
BRDA:60,48,0,1
BRDA:60,49,0,2
BRDA:60,50,0,0
BRDA:60,51,0,2
BRDA:60,52,0,1
BRDA:60,53,0,1
BRDA:17,54,0,1
BRDA:18,55,0,3
BRDA:29,56,0,3
BRDA:60,57,0,3
BRDA:60,58,0,10
BRDA:30,59,0,3
BRDA:60,60,0,3
BRDA:32,61,0,1
BRDA:32,62,0,2
BRDA:60,63,0,2
BRDA:60,64,0,2
BRF:65
BRH:46
end_of_record
TN:
SF:src/modules/users/services/ShowProfileService.ts
FN:29,__decorate
FN:29,__metadata
FN:29,__param
FN:29,__awaiter
FN:29,adopt
FN:29,fulfilled
FN:29,rejected
FN:29,step
FN:29,__generator
FN:29,sent
FN:29,g.<computed>
FN:29,verb
FN:29,step
FN:29,__importDefault
FN:15,ShowProfileService
FN:20,ShowProfileService.execute
FNF:16
FNH:14
FNDA:1,__decorate
FNDA:1,__metadata
FNDA:1,__param
FNDA:2,__awaiter
FNDA:2,adopt
FNDA:2,fulfilled
FNDA:0,rejected
FNDA:3,step
FNDA:2,__generator
FNDA:2,sent
FNDA:0,g.<computed>
FNDA:6,verb
FNDA:4,step
FNDA:1,__importDefault
FNDA:2,ShowProfileService
FNDA:2,ShowProfileService.execute
DA:1,1
DA:2,1
DA:3,1
DA:4,1
DA:5,1
DA:6,1
DA:7,1
DA:8,1
DA:9,1
DA:10,1
DA:11,1
DA:12,1
DA:13,1
DA:14,1
DA:15,1
DA:16,2
DA:17,2
DA:18,2
DA:19,1
DA:20,1
DA:21,2
DA:22,2
DA:23,2
DA:24,1
DA:25,1
DA:26,2
DA:27,1
DA:28,1
DA:29,1
LF:29
LH:29
BRDA:29,0,0,1
BRDA:29,1,0,1
BRDA:29,2,0,0
BRDA:29,3,0,0
BRDA:29,4,0,0
BRDA:29,5,0,0
BRDA:29,6,0,1
BRDA:29,7,0,1
BRDA:29,8,0,1
BRDA:29,9,0,2
BRDA:29,10,0,2
BRDA:29,11,0,0
BRDA:29,12,0,2
BRDA:29,13,0,2
BRDA:29,14,0,1
BRDA:29,15,0,3
BRDA:29,16,0,1
BRDA:29,17,0,2
BRDA:29,18,0,2
BRDA:29,19,0,2
BRDA:29,20,0,0
BRDA:29,21,0,6
BRDA:29,22,0,4
BRDA:29,23,0,4
BRDA:29,24,0,0
BRDA:29,25,0,8
BRDA:29,26,0,0
BRDA:29,27,0,0
BRDA:29,28,0,0
BRDA:29,29,0,0
BRDA:29,30,0,4
BRDA:29,31,0,4
BRDA:29,32,0,2
BRDA:29,33,0,0
BRDA:29,34,0,0
BRDA:29,35,0,2
BRDA:29,36,0,0
BRDA:29,37,0,1
BRDA:29,38,0,0
BRDA:29,39,0,0
BRDA:29,40,0,0
BRDA:29,41,0,0
BRDA:29,42,0,4
BRDA:29,43,0,3
BRDA:29,44,0,1
BRDA:29,45,0,4
BRDA:29,46,0,2
BRDA:29,47,0,1
BRDA:29,48,0,0
BRDA:29,49,0,1
BRDA:29,50,0,0
BRDA:14,51,0,1
BRDA:15,52,0,2
BRDA:20,53,0,2
BRDA:29,54,0,2
BRDA:29,55,0,4
BRDA:21,56,0,2
BRDA:29,57,0,2
BRDA:23,58,0,1
BRF:59
BRH:39
end_of_record
TN:
SF:src/modules/users/services/UpdateProfileService.ts
FN:67,__decorate
FN:67,__metadata
FN:67,__param
FN:67,__awaiter
FN:67,adopt
FN:67,fulfilled
FN:67,rejected
FN:67,step
FN:67,__generator
FN:67,sent
FN:67,g.<computed>
FN:67,verb
FN:67,step
FN:67,__importDefault
FN:20,UpdateProfileService
FN:27,UpdateProfileService.execute
FNF:16
FNH:14
FNDA:1,__decorate
FNDA:1,__metadata
FNDA:2,__param
FNDA:6,__awaiter
FNDA:14,adopt
FNDA:14,fulfilled
FNDA:0,rejected
FNDA:16,step
FNDA:6,__generator
FNDA:14,sent
FNDA:0,g.<computed>
FNDA:18,verb
FNDA:20,step
FNDA:1,__importDefault
FNDA:6,UpdateProfileService
FNDA:6,UpdateProfileService.execute
DA:1,1
DA:2,1
DA:3,1
DA:4,1
DA:5,1
DA:6,1
DA:7,1
DA:8,1
DA:9,1
DA:10,1
DA:11,1
DA:12,1
DA:13,1
DA:14,1
DA:15,1
DA:16,1
DA:17,1
DA:18,1
DA:19,1
DA:20,1
DA:21,6
DA:22,6
DA:23,6
DA:24,6
DA:25,6
DA:26,1
DA:27,1
DA:28,6
DA:29,6
DA:30,6
DA:31,6
DA:32,6
DA:33,6
DA:34,6
DA:35,6
DA:36,6
DA:37,5
DA:38,5
DA:39,5
DA:40,6
DA:41,6
DA:42,6
DA:43,6
DA:44,6
DA:45,6
DA:46,1
DA:47,1
DA:48,3
DA:49,6
DA:50,2
DA:51,2
DA:52,2
DA:53,2
DA:54,6
DA:55,6
DA:56,1
DA:57,1
DA:58,6
DA:59,6
DA:60,6
DA:61,6
DA:62,6
DA:63,6
DA:64,6
DA:65,1
DA:66,1
DA:67,1
LF:67
LH:67
BRDA:67,0,0,1
BRDA:67,1,0,1
BRDA:67,2,0,0
BRDA:67,3,0,0
BRDA:67,4,0,0
BRDA:67,5,0,0
BRDA:67,6,0,1
BRDA:67,7,0,2
BRDA:67,8,0,2
BRDA:67,9,0,6
BRDA:67,10,0,14
BRDA:67,11,0,0
BRDA:67,12,0,6
BRDA:67,13,0,14
BRDA:67,14,0,10
BRDA:67,15,0,4
BRDA:67,16,0,16
BRDA:67,17,0,2
BRDA:67,18,0,14
BRDA:67,19,0,6
BRDA:67,20,0,14
BRDA:67,21,0,0
BRDA:67,22,0,18
BRDA:67,23,0,20
BRDA:67,24,0,20
BRDA:67,25,0,0
BRDA:67,26,0,41
BRDA:67,27,0,0
BRDA:67,28,0,0
BRDA:67,29,0,0
BRDA:67,30,0,0
BRDA:67,31,0,20
BRDA:67,32,0,20
BRDA:67,33,0,14
BRDA:67,34,0,0
BRDA:67,35,0,0
BRDA:67,36,0,7
BRDA:67,37,0,0
BRDA:67,38,0,3
BRDA:67,39,0,6
BRDA:67,40,0,1
BRDA:67,41,0,0
BRDA:67,42,0,1
BRDA:67,43,0,0
BRDA:67,44,0,0
BRDA:67,45,0,0
BRDA:67,46,0,21
BRDA:67,47,0,17
BRDA:67,48,0,4
BRDA:67,49,0,21
BRDA:67,50,0,6
BRDA:67,51,0,4
BRDA:67,52,0,2
BRDA:67,53,0,0
BRDA:67,54,0,1
BRDA:67,55,0,0
BRDA:19,56,0,1
BRDA:20,57,0,6
BRDA:27,58,0,6
BRDA:67,59,0,6
BRDA:67,60,0,21
BRDA:34,61,0,6
BRDA:67,62,0,6
BRDA:36,63,0,1
BRDA:36,64,0,5
BRDA:38,65,0,0
BRDA:38,66,0,5
BRDA:67,67,0,5
BRDA:41,68,0,1
BRDA:67,69,0,4
BRDA:67,70,0,4
BRDA:44,71,0,3
BRDA:45,72,0,1
BRDA:47,73,0,3
BRDA:49,74,0,2
BRDA:49,75,0,1
BRDA:49,76,0,2
BRDA:67,77,0,2
BRDA:55,78,0,1
BRDA:67,79,0,1
BRDA:67,80,0,2
BRF:81
BRH:60
end_of_record
TN:
SF:src/modules/users/services/UpdateUserAvatarService.ts
FN:45,__decorate
FN:45,__metadata
FN:45,__param
FN:45,__awaiter
FN:45,adopt
FN:45,fulfilled
FN:45,rejected
FN:45,step
FN:45,__generator
FN:45,sent
FN:45,g.<computed>
FN:45,verb
FN:45,step
FN:45,__importDefault
FN:17,UpdateUserAvatarService
FN:24,UpdateUserAvatarService.execute
FNF:16
FNH:14
FNDA:1,__decorate
FNDA:1,__metadata
FNDA:2,__param
FNDA:4,__awaiter
FNDA:11,adopt
FNDA:11,fulfilled
FNDA:0,rejected
FNDA:14,step
FNDA:4,__generator
FNDA:11,sent
FNDA:0,g.<computed>
FNDA:12,verb
FNDA:15,step
FNDA:1,__importDefault
FNDA:3,UpdateUserAvatarService
FNDA:4,UpdateUserAvatarService.execute
DA:1,1
DA:2,1
DA:3,1
DA:4,1
DA:5,1
DA:6,1
DA:7,1
DA:8,1
DA:9,1
DA:10,1
DA:11,1
DA:12,1
DA:13,1
DA:14,1
DA:15,1
DA:16,1
DA:17,1
DA:18,3
DA:19,3
DA:20,3
DA:21,3
DA:22,3
DA:23,1
DA:24,1
DA:25,4
DA:26,4
DA:27,4
DA:28,4
DA:29,3
DA:30,3
DA:31,1
DA:32,1
DA:33,4
DA:34,4
DA:35,4
DA:36,4
DA:37,4
DA:38,4
DA:39,4
DA:40,4
DA:41,4
DA:42,4
DA:43,1
DA:44,1
DA:45,1
LF:45
LH:45
BRDA:45,0,0,1
BRDA:45,1,0,1
BRDA:45,2,0,0
BRDA:45,3,0,0
BRDA:45,4,0,0
BRDA:45,5,0,0
BRDA:45,6,0,1
BRDA:45,7,0,2
BRDA:45,8,0,2
BRDA:45,9,0,4
BRDA:45,10,0,11
BRDA:45,11,0,0
BRDA:45,12,0,4
BRDA:45,13,0,11
BRDA:45,14,0,10
BRDA:45,15,0,1
BRDA:45,16,0,14
BRDA:45,17,0,3
BRDA:45,18,0,11
BRDA:45,19,0,4
BRDA:45,20,0,11
BRDA:45,21,0,0
BRDA:45,22,0,12
BRDA:45,23,0,15
BRDA:45,24,0,15
BRDA:45,25,0,0
BRDA:45,26,0,32
BRDA:45,27,0,0
BRDA:45,28,0,0
BRDA:45,29,0,0
BRDA:45,30,0,0
BRDA:45,31,0,15
BRDA:45,32,0,15
BRDA:45,33,0,11
BRDA:45,34,0,0
BRDA:45,35,0,0
BRDA:45,36,0,6
BRDA:45,37,0,0
BRDA:45,38,0,5
BRDA:45,39,0,4
BRDA:45,40,0,2
BRDA:45,41,0,0
BRDA:45,42,0,2
BRDA:45,43,0,0
BRDA:45,44,0,0
BRDA:45,45,0,0
BRDA:45,46,0,17
BRDA:45,47,0,16
BRDA:45,48,0,1
BRDA:45,49,0,17
BRDA:45,50,0,4
BRDA:45,51,0,1
BRDA:45,52,0,3
BRDA:45,53,0,0
BRDA:45,54,0,1
BRDA:45,55,0,0
BRDA:16,56,0,1
BRDA:17,57,0,3
BRDA:24,58,0,4
BRDA:45,59,0,4
BRDA:45,60,0,17
BRDA:25,61,0,4
BRDA:45,62,0,4
BRDA:28,63,0,1
BRDA:28,64,0,3
BRDA:30,65,0,2
BRDA:30,66,0,1
BRDA:45,67,0,1
BRDA:35,68,0,3
BRDA:45,69,0,3
BRDA:45,70,0,3
BRF:71
BRH:51
end_of_record
